<?xml version="1.0" encoding="UTF-8"?>
<!-- Generated by org.testng.reporters.JUnitReportReporter -->
<testsuite hostname="AIPL-PUN-LT86" name="com.student.test.DeleteStudentInformation" tests="1" failures="0" timestamp="12 Dec 2019 15:09:21 GMT" time="0.825" errors="0">
  <testcase name="createStudentInfo" time="0.825" classname="com.student.test.DeleteStudentInformation"/>
</testsuite> <!-- com.student.test.DeleteStudentInformation -->
