<?xml version="1.0" encoding="UTF-8"?>
<!-- Generated by org.testng.reporters.JUnitReportReporter -->
<testsuite hostname="AIPL-PUN-LT86" name="com.student.test.PoststudentInformation" tests="1" failures="0" timestamp="12 Dec 2019 15:06:55 GMT" time="1.056" errors="0">
  <testcase name="createStudentInfo" time="1.056" classname="com.student.test.PoststudentInformation"/>
</testsuite> <!-- com.student.test.PoststudentInformation -->
