<?xml version="1.0" encoding="UTF-8"?>
<!-- Generated by org.testng.reporters.JUnitReportReporter -->
<testsuite hostname="AIPL-PUN-LT86" name="com.student.test.GetStudentInformation" tests="3" failures="0" timestamp="12 Dec 2019 13:48:22 GMT" time="2.891" errors="0">
  <testcase name="getFilteredStudentInfo" time="2.689" classname="com.student.test.GetStudentInformation"/>
  <testcase name="getstudentAllInformation" time="0.136" classname="com.student.test.GetStudentInformation"/>
  <testcase name="getStudentInfo" time="0.066" classname="com.student.test.GetStudentInformation"/>
</testsuite> <!-- com.student.test.GetStudentInformation -->
