<?xml version="1.0" encoding="UTF-8"?>
<!-- Generated by org.testng.reporters.JUnitReportReporter -->
<testsuite hostname="AIPL-PUN-LT86" name="com.student.test.StudentInformation" tests="3" failures="0" timestamp="11 Dec 2019 15:02:12 GMT" time="0.911" errors="0">
  <testcase name="getstudentAllInformation" time="0.034" classname="com.student.test.StudentInformation"/>
  <testcase name="getFilteredStudentInfo" time="0.862" classname="com.student.test.StudentInformation"/>
  <testcase name="getStudentInfo" time="0.015" classname="com.student.test.StudentInformation"/>
</testsuite> <!-- com.student.test.StudentInformation -->
